. C:/boost_1_42_0/boost/algorithm/string/erase.hpp
.. C:/boost_1_42_0/boost/algorithm/string/config.hpp
... C:/boost_1_42_0/boost/config.hpp
.... C:/boost_1_42_0/boost/config/user.hpp
.... C:/boost_1_42_0/boost/config/select_compiler_config.hpp
.... C:/boost_1_42_0/boost/config/compiler/gcc.hpp
.... C:/boost_1_42_0/boost/config/select_stdlib_config.hpp
..... C:/asm/MinGW/bin/../lib/gcc/mingw32/3.4.5/../../../../include/c++/3.4.5/cstddef
...... C:/asm/MinGW/bin/../lib/gcc/mingw32/3.4.5/include/stddef.h
..... C:/boost_1_42_0/boost/config/no_tr1/utility.hpp
...... C:/asm/MinGW/bin/../lib/gcc/mingw32/3.4.5/../../../../include/c++/3.4.5/utility
....... C:/asm/MinGW/bin/../lib/gcc/mingw32/3.4.5/../../../../include/c++/3.4.5/mingw32/bits/c++config.h
........ C:/asm/MinGW/bin/../lib/gcc/mingw32/3.4.5/../../../../include/c++/3.4.5/mingw32/bits/os_defines.h
....... C:/asm/MinGW/bin/../lib/gcc/mingw32/3.4.5/../../../../include/c++/3.4.5/bits/stl_relops.h
....... C:/asm/MinGW/bin/../lib/gcc/mingw32/3.4.5/../../../../include/c++/3.4.5/bits/stl_pair.h
.... C:/boost_1_42_0/boost/config/stdlib/libstdcpp3.hpp
.... C:/boost_1_42_0/boost/config/select_platform_config.hpp
.... C:/boost_1_42_0/boost/config/platform/win32.hpp
..... C:/asm/MinGW/bin/../lib/gcc/mingw32/3.4.5/../../../../include/_mingw.h
.... C:/boost_1_42_0/boost/config/suffix.hpp
... C:/boost_1_42_0/boost/detail/workaround.hpp
.. C:/boost_1_42_0/boost/range/iterator_range.hpp
... C:/boost_1_42_0/boost/assert.hpp
.... C:/asm/MinGW/bin/../lib/gcc/mingw32/3.4.5/../../../../include/assert.h
... C:/boost_1_42_0/boost/iterator/iterator_traits.hpp
.... C:/boost_1_42_0/boost/detail/iterator.hpp
..... C:/asm/MinGW/bin/../lib/gcc/mingw32/3.4.5/../../../../include/c++/3.4.5/iterator
...... C:/asm/MinGW/bin/../lib/gcc/mingw32/3.4.5/../../../../include/c++/3.4.5/bits/stl_iterator_base_types.h
...... C:/asm/MinGW/bin/../lib/gcc/mingw32/3.4.5/../../../../include/c++/3.4.5/bits/stl_iterator_base_funcs.h
....... C:/asm/MinGW/bin/../lib/gcc/mingw32/3.4.5/../../../../include/c++/3.4.5/bits/concept_check.h
...... C:/asm/MinGW/bin/../lib/gcc/mingw32/3.4.5/../../../../include/c++/3.4.5/bits/stl_iterator.h
...... C:/asm/MinGW/bin/../lib/gcc/mingw32/3.4.5/../../../../include/c++/3.4.5/ostream
....... C:/asm/MinGW/bin/../lib/gcc/mingw32/3.4.5/../../../../include/c++/3.4.5/ios
........ C:/asm/MinGW/bin/../lib/gcc/mingw32/3.4.5/../../../../include/c++/3.4.5/iosfwd
......... C:/asm/MinGW/bin/../lib/gcc/mingw32/3.4.5/../../../../include/c++/3.4.5/mingw32/bits/c++locale.h
.......... C:/asm/MinGW/bin/../lib/gcc/mingw32/3.4.5/../../../../include/c++/3.4.5/clocale
........... C:/asm/MinGW/bin/../lib/gcc/mingw32/3.4.5/../../../../include/locale.h
............ C:/asm/MinGW/bin/../lib/gcc/mingw32/3.4.5/include/stddef.h
............ C:/asm/MinGW/bin/../lib/gcc/mingw32/3.4.5/include/stddef.h
.......... C:/asm/MinGW/bin/../lib/gcc/mingw32/3.4.5/../../../../include/c++/3.4.5/cstring
........... C:/asm/MinGW/bin/../lib/gcc/mingw32/3.4.5/../../../../include/string.h
............ C:/asm/MinGW/bin/../lib/gcc/mingw32/3.4.5/include/stddef.h
.......... C:/asm/MinGW/bin/../lib/gcc/mingw32/3.4.5/../../../../include/c++/3.4.5/cstdio
........... C:/asm/MinGW/bin/../lib/gcc/mingw32/3.4.5/../../../../include/stdio.h
............ C:/asm/MinGW/bin/../lib/gcc/mingw32/3.4.5/include/stddef.h
............ C:/asm/MinGW/bin/../lib/gcc/mingw32/3.4.5/include/stdarg.h
............ C:/asm/MinGW/bin/../lib/gcc/mingw32/3.4.5/../../../../include/sys/types.h
............. C:/asm/MinGW/bin/../lib/gcc/mingw32/3.4.5/include/stddef.h
......... C:/asm/MinGW/bin/../lib/gcc/mingw32/3.4.5/../../../../include/c++/3.4.5/mingw32/bits/c++io.h
.......... C:/asm/MinGW/bin/../lib/gcc/mingw32/3.4.5/../../../../include/c++/3.4.5/mingw32/bits/gthr.h
........... C:/asm/MinGW/bin/../lib/gcc/mingw32/3.4.5/../../../../include/c++/3.4.5/mingw32/bits/gthr-default.h
............ C:/asm/MinGW/bin/../lib/gcc/mingw32/3.4.5/../../../../include/errno.h
......... C:/asm/MinGW/bin/../lib/gcc/mingw32/3.4.5/../../../../include/c++/3.4.5/cctype
.......... C:/asm/MinGW/bin/../lib/gcc/mingw32/3.4.5/../../../../include/ctype.h
........... C:/asm/MinGW/bin/../lib/gcc/mingw32/3.4.5/include/stddef.h
......... C:/asm/MinGW/bin/../lib/gcc/mingw32/3.4.5/../../../../include/c++/3.4.5/bits/stringfwd.h
......... C:/asm/MinGW/bin/../lib/gcc/mingw32/3.4.5/../../../../include/c++/3.4.5/bits/postypes.h
.......... C:/asm/MinGW/bin/../lib/gcc/mingw32/3.4.5/../../../../include/c++/3.4.5/cwchar
........... C:/asm/MinGW/bin/../lib/gcc/mingw32/3.4.5/../../../../include/c++/3.4.5/ctime
............ C:/asm/MinGW/bin/../lib/gcc/mingw32/3.4.5/../../../../include/time.h
............. C:/asm/MinGW/bin/../lib/gcc/mingw32/3.4.5/include/stddef.h
........... C:/asm/MinGW/bin/../lib/gcc/mingw32/3.4.5/../../../../include/wchar.h
............ C:/asm/MinGW/bin/../lib/gcc/mingw32/3.4.5/include/stddef.h
............ C:/asm/MinGW/bin/../lib/gcc/mingw32/3.4.5/../../../../include/wctype.h
............. C:/asm/MinGW/bin/../lib/gcc/mingw32/3.4.5/include/stddef.h
............ C:/asm/MinGW/bin/../lib/gcc/mingw32/3.4.5/../../../../include/stdint.h
............. C:/asm/MinGW/bin/../lib/gcc/mingw32/3.4.5/include/stddef.h
......... C:/asm/MinGW/bin/../lib/gcc/mingw32/3.4.5/../../../../include/c++/3.4.5/bits/functexcept.h
.......... C:/asm/MinGW/bin/../lib/gcc/mingw32/3.4.5/../../../../include/c++/3.4.5/exception_defines.h
........ C:/asm/MinGW/bin/../lib/gcc/mingw32/3.4.5/../../../../include/c++/3.4.5/exception
........ C:/asm/MinGW/bin/../lib/gcc/mingw32/3.4.5/../../../../include/c++/3.4.5/bits/char_traits.h
......... C:/asm/MinGW/bin/../lib/gcc/mingw32/3.4.5/../../../../include/c++/3.4.5/bits/stl_algobase.h
.......... C:/asm/MinGW/bin/../lib/gcc/mingw32/3.4.5/../../../../include/c++/3.4.5/climits
........... C:/asm/MinGW/bin/../lib/gcc/mingw32/3.4.5/../../../../include/limits.h
.......... C:/asm/MinGW/bin/../lib/gcc/mingw32/3.4.5/../../../../include/c++/3.4.5/cstdlib
........... C:/asm/MinGW/bin/../lib/gcc/mingw32/3.4.5/../../../../include/stdlib.h
............ C:/asm/MinGW/bin/../lib/gcc/mingw32/3.4.5/include/stddef.h
.......... C:/asm/MinGW/bin/../lib/gcc/mingw32/3.4.5/../../../../include/c++/3.4.5/new
.......... C:/asm/MinGW/bin/../lib/gcc/mingw32/3.4.5/../../../../include/c++/3.4.5/bits/type_traits.h
.......... C:/asm/MinGW/bin/../lib/gcc/mingw32/3.4.5/../../../../include/c++/3.4.5/debug/debug.h
........... C:/asm/MinGW/bin/../lib/gcc/mingw32/3.4.5/../../../../include/c++/3.4.5/cassert
............ C:/asm/MinGW/bin/../lib/gcc/mingw32/3.4.5/../../../../include/assert.h
........... C:/asm/MinGW/bin/../lib/gcc/mingw32/3.4.5/include/stddef.h
........ C:/asm/MinGW/bin/../lib/gcc/mingw32/3.4.5/../../../../include/c++/3.4.5/bits/localefwd.h
......... C:/asm/MinGW/bin/../lib/gcc/mingw32/3.4.5/../../../../include/c++/3.4.5/bits/functexcept.h
........ C:/asm/MinGW/bin/../lib/gcc/mingw32/3.4.5/../../../../include/c++/3.4.5/bits/ios_base.h
......... C:/asm/MinGW/bin/../lib/gcc/mingw32/3.4.5/../../../../include/c++/3.4.5/bits/atomicity.h
.......... C:/asm/MinGW/bin/../lib/gcc/mingw32/3.4.5/../../../../include/c++/3.4.5/mingw32/bits/atomic_word.h
......... C:/asm/MinGW/bin/../lib/gcc/mingw32/3.4.5/../../../../include/c++/3.4.5/bits/locale_classes.h
.......... C:/asm/MinGW/bin/../lib/gcc/mingw32/3.4.5/../../../../include/c++/3.4.5/string
........... C:/asm/MinGW/bin/../lib/gcc/mingw32/3.4.5/../../../../include/c++/3.4.5/memory
............ C:/asm/MinGW/bin/../lib/gcc/mingw32/3.4.5/../../../../include/c++/3.4.5/bits/allocator.h
............. C:/asm/MinGW/bin/../lib/gcc/mingw32/3.4.5/../../../../include/c++/3.4.5/mingw32/bits/c++allocator.h
.............. C:/asm/MinGW/bin/../lib/gcc/mingw32/3.4.5/../../../../include/c++/3.4.5/ext/new_allocator.h
............ C:/asm/MinGW/bin/../lib/gcc/mingw32/3.4.5/../../../../include/c++/3.4.5/bits/stl_construct.h
............ C:/asm/MinGW/bin/../lib/gcc/mingw32/3.4.5/../../../../include/c++/3.4.5/bits/stl_uninitialized.h
............ C:/asm/MinGW/bin/../lib/gcc/mingw32/3.4.5/../../../../include/c++/3.4.5/bits/stl_raw_storage_iter.h
............ C:/asm/MinGW/bin/../lib/gcc/mingw32/3.4.5/../../../../include/c++/3.4.5/limits
........... C:/asm/MinGW/bin/../lib/gcc/mingw32/3.4.5/../../../../include/c++/3.4.5/bits/stl_function.h
........... C:/asm/MinGW/bin/../lib/gcc/mingw32/3.4.5/../../../../include/c++/3.4.5/bits/basic_string.h
........... C:/asm/MinGW/bin/../lib/gcc/mingw32/3.4.5/../../../../include/c++/3.4.5/algorithm
............ C:/asm/MinGW/bin/../lib/gcc/mingw32/3.4.5/../../../../include/c++/3.4.5/bits/stl_algo.h
............. C:/asm/MinGW/bin/../lib/gcc/mingw32/3.4.5/../../../../include/c++/3.4.5/bits/stl_heap.h
............. C:/asm/MinGW/bin/../lib/gcc/mingw32/3.4.5/../../../../include/c++/3.4.5/bits/stl_tempbuf.h
........... C:/asm/MinGW/bin/../lib/gcc/mingw32/3.4.5/../../../../include/c++/3.4.5/bits/basic_string.tcc
........ C:/asm/MinGW/bin/../lib/gcc/mingw32/3.4.5/../../../../include/c++/3.4.5/streambuf
......... C:/asm/MinGW/bin/../lib/gcc/mingw32/3.4.5/../../../../include/c++/3.4.5/bits/streambuf.tcc
........ C:/asm/MinGW/bin/../lib/gcc/mingw32/3.4.5/../../../../include/c++/3.4.5/bits/basic_ios.h
......... C:/asm/MinGW/bin/../lib/gcc/mingw32/3.4.5/../../../../include/c++/3.4.5/bits/streambuf_iterator.h
......... C:/asm/MinGW/bin/../lib/gcc/mingw32/3.4.5/../../../../include/c++/3.4.5/bits/locale_facets.h
.......... C:/asm/MinGW/bin/../lib/gcc/mingw32/3.4.5/../../../../include/c++/3.4.5/cwctype
.......... C:/asm/MinGW/bin/../lib/gcc/mingw32/3.4.5/../../../../include/c++/3.4.5/mingw32/bits/ctype_base.h
.......... C:/asm/MinGW/bin/../lib/gcc/mingw32/3.4.5/../../../../include/c++/3.4.5/mingw32/bits/ctype_inline.h
.......... C:/asm/MinGW/bin/../lib/gcc/mingw32/3.4.5/../../../../include/c++/3.4.5/bits/codecvt.h
.......... C:/asm/MinGW/bin/../lib/gcc/mingw32/3.4.5/../../../../include/c++/3.4.5/mingw32/bits/time_members.h
.......... C:/asm/MinGW/bin/../lib/gcc/mingw32/3.4.5/../../../../include/c++/3.4.5/mingw32/bits/messages_members.h
......... C:/asm/MinGW/bin/../lib/gcc/mingw32/3.4.5/../../../../include/c++/3.4.5/bits/basic_ios.tcc
....... C:/asm/MinGW/bin/../lib/gcc/mingw32/3.4.5/../../../../include/c++/3.4.5/bits/ostream.tcc
........ C:/asm/MinGW/bin/../lib/gcc/mingw32/3.4.5/../../../../include/c++/3.4.5/locale
......... C:/asm/MinGW/bin/../lib/gcc/mingw32/3.4.5/../../../../include/c++/3.4.5/bits/locale_facets.tcc
.......... C:/asm/MinGW/bin/../lib/gcc/mingw32/3.4.5/../../../../include/c++/3.4.5/typeinfo
...... C:/asm/MinGW/bin/../lib/gcc/mingw32/3.4.5/../../../../include/c++/3.4.5/istream
....... C:/asm/MinGW/bin/../lib/gcc/mingw32/3.4.5/../../../../include/c++/3.4.5/bits/istream.tcc
...... C:/asm/MinGW/bin/../lib/gcc/mingw32/3.4.5/../../../../include/c++/3.4.5/bits/stream_iterator.h
... C:/boost_1_42_0/boost/type_traits/is_abstract.hpp
.... C:/boost_1_42_0/boost/type_traits/intrinsics.hpp
..... C:/boost_1_42_0/boost/type_traits/config.hpp
.... C:/boost_1_42_0/boost/static_assert.hpp
.... C:/boost_1_42_0/boost/type_traits/detail/yes_no_type.hpp
.... C:/boost_1_42_0/boost/type_traits/is_class.hpp
..... C:/boost_1_42_0/boost/type_traits/is_union.hpp
...... C:/boost_1_42_0/boost/type_traits/remove_cv.hpp
....... C:/boost_1_42_0/boost/type_traits/broken_compiler_spec.hpp
........ C:/boost_1_42_0/boost/mpl/aux_/lambda_support.hpp
......... C:/boost_1_42_0/boost/mpl/aux_/config/lambda.hpp
.......... C:/boost_1_42_0/boost/mpl/aux_/config/ttp.hpp
........... C:/boost_1_42_0/boost/mpl/aux_/config/msvc.hpp
........... C:/boost_1_42_0/boost/mpl/aux_/config/gcc.hpp
........... C:/boost_1_42_0/boost/mpl/aux_/config/workaround.hpp
.......... C:/boost_1_42_0/boost/mpl/aux_/config/ctps.hpp
....... C:/boost_1_42_0/boost/type_traits/detail/cv_traits_impl.hpp
....... C:/boost_1_42_0/boost/type_traits/detail/type_trait_def.hpp
........ C:/boost_1_42_0/boost/type_traits/detail/template_arity_spec.hpp
......... C:/boost_1_42_0/boost/mpl/int.hpp
.......... C:/boost_1_42_0/boost/mpl/int_fwd.hpp
........... C:/boost_1_42_0/boost/mpl/aux_/adl_barrier.hpp
............ C:/boost_1_42_0/boost/mpl/aux_/config/adl.hpp
............. C:/boost_1_42_0/boost/mpl/aux_/config/intel.hpp
........... C:/boost_1_42_0/boost/mpl/aux_/nttp_decl.hpp
............ C:/boost_1_42_0/boost/mpl/aux_/config/nttp.hpp
.......... C:/boost_1_42_0/boost/mpl/aux_/integral_wrapper.hpp
........... C:/boost_1_42_0/boost/mpl/integral_c_tag.hpp
............ C:/boost_1_42_0/boost/mpl/aux_/config/static_constant.hpp
........... C:/boost_1_42_0/boost/mpl/aux_/static_cast.hpp
........... C:/boost_1_42_0/boost/preprocessor/cat.hpp
............ C:/boost_1_42_0/boost/preprocessor/config/config.hpp
......... C:/boost_1_42_0/boost/mpl/aux_/template_arity_fwd.hpp
......... C:/boost_1_42_0/boost/mpl/aux_/preprocessor/params.hpp
.......... C:/boost_1_42_0/boost/mpl/aux_/config/preprocessor.hpp
.......... C:/boost_1_42_0/boost/preprocessor/comma_if.hpp
........... C:/boost_1_42_0/boost/preprocessor/punctuation/comma_if.hpp
............ C:/boost_1_42_0/boost/preprocessor/control/if.hpp
............. C:/boost_1_42_0/boost/preprocessor/control/iif.hpp
............. C:/boost_1_42_0/boost/preprocessor/logical/bool.hpp
............ C:/boost_1_42_0/boost/preprocessor/facilities/empty.hpp
............ C:/boost_1_42_0/boost/preprocessor/punctuation/comma.hpp
.......... C:/boost_1_42_0/boost/preprocessor/repeat.hpp
........... C:/boost_1_42_0/boost/preprocessor/repetition/repeat.hpp
............ C:/boost_1_42_0/boost/preprocessor/debug/error.hpp
............ C:/boost_1_42_0/boost/preprocessor/detail/auto_rec.hpp
............ C:/boost_1_42_0/boost/preprocessor/tuple/eat.hpp
.......... C:/boost_1_42_0/boost/preprocessor/inc.hpp
........... C:/boost_1_42_0/boost/preprocessor/arithmetic/inc.hpp
......... C:/boost_1_42_0/boost/mpl/aux_/config/overload_resolution.hpp
....... C:/boost_1_42_0/boost/type_traits/detail/type_trait_undef.hpp
...... C:/boost_1_42_0/boost/type_traits/detail/bool_trait_def.hpp
....... C:/boost_1_42_0/boost/type_traits/detail/template_arity_spec.hpp
....... C:/boost_1_42_0/boost/type_traits/integral_constant.hpp
........ C:/boost_1_42_0/boost/mpl/bool.hpp
......... C:/boost_1_42_0/boost/mpl/bool_fwd.hpp
........ C:/boost_1_42_0/boost/mpl/integral_c.hpp
......... C:/boost_1_42_0/boost/mpl/integral_c_fwd.hpp
......... C:/boost_1_42_0/boost/mpl/aux_/integral_wrapper.hpp
...... C:/boost_1_42_0/boost/type_traits/detail/bool_trait_undef.hpp
..... C:/boost_1_42_0/boost/type_traits/detail/ice_and.hpp
..... C:/boost_1_42_0/boost/type_traits/detail/ice_not.hpp
..... C:/boost_1_42_0/boost/type_traits/detail/bool_trait_def.hpp
...... C:/boost_1_42_0/boost/type_traits/detail/template_arity_spec.hpp
..... C:/boost_1_42_0/boost/type_traits/detail/bool_trait_undef.hpp
.... C:/boost_1_42_0/boost/type_traits/detail/bool_trait_def.hpp
..... C:/boost_1_42_0/boost/type_traits/detail/template_arity_spec.hpp
.... C:/boost_1_42_0/boost/type_traits/detail/bool_trait_undef.hpp
... C:/boost_1_42_0/boost/range/functions.hpp
.... C:/boost_1_42_0/boost/range/begin.hpp
..... C:/boost_1_42_0/boost/range/config.hpp
..... C:/boost_1_42_0/boost/range/iterator.hpp
...... C:/boost_1_42_0/boost/range/mutable_iterator.hpp
...... C:/boost_1_42_0/boost/range/const_iterator.hpp
....... C:/boost_1_42_0/boost/type_traits/remove_const.hpp
........ C:/boost_1_42_0/boost/type_traits/is_volatile.hpp
......... C:/boost_1_42_0/boost/type_traits/detail/bool_trait_def.hpp
.......... C:/boost_1_42_0/boost/type_traits/detail/template_arity_spec.hpp
......... C:/boost_1_42_0/boost/type_traits/detail/bool_trait_undef.hpp
........ C:/boost_1_42_0/boost/type_traits/detail/type_trait_def.hpp
......... C:/boost_1_42_0/boost/type_traits/detail/template_arity_spec.hpp
........ C:/boost_1_42_0/boost/type_traits/detail/type_trait_undef.hpp
...... C:/boost_1_42_0/boost/type_traits/is_const.hpp
....... C:/boost_1_42_0/boost/type_traits/is_reference.hpp
........ C:/boost_1_42_0/boost/type_traits/detail/bool_trait_def.hpp
......... C:/boost_1_42_0/boost/type_traits/detail/template_arity_spec.hpp
........ C:/boost_1_42_0/boost/type_traits/detail/bool_trait_undef.hpp
....... C:/boost_1_42_0/boost/type_traits/detail/bool_trait_def.hpp
........ C:/boost_1_42_0/boost/type_traits/detail/template_arity_spec.hpp
....... C:/boost_1_42_0/boost/type_traits/detail/bool_trait_undef.hpp
...... C:/boost_1_42_0/boost/mpl/eval_if.hpp
....... C:/boost_1_42_0/boost/mpl/if.hpp
........ C:/boost_1_42_0/boost/mpl/aux_/value_wknd.hpp
......... C:/boost_1_42_0/boost/mpl/aux_/config/integral.hpp
......... C:/boost_1_42_0/boost/mpl/aux_/config/eti.hpp
........ C:/boost_1_42_0/boost/mpl/aux_/na_spec.hpp
......... C:/boost_1_42_0/boost/mpl/lambda_fwd.hpp
.......... C:/boost_1_42_0/boost/mpl/void_fwd.hpp
.......... C:/boost_1_42_0/boost/mpl/aux_/na.hpp
........... C:/boost_1_42_0/boost/mpl/aux_/na_fwd.hpp
.......... C:/boost_1_42_0/boost/mpl/aux_/lambda_arity_param.hpp
......... C:/boost_1_42_0/boost/mpl/aux_/arity.hpp
.......... C:/boost_1_42_0/boost/mpl/aux_/config/dtp.hpp
......... C:/boost_1_42_0/boost/mpl/aux_/preprocessor/enum.hpp
......... C:/boost_1_42_0/boost/mpl/aux_/preprocessor/def_params_tail.hpp
.......... C:/boost_1_42_0/boost/mpl/limits/arity.hpp
.......... C:/boost_1_42_0/boost/preprocessor/logical/and.hpp
........... C:/boost_1_42_0/boost/preprocessor/logical/bitand.hpp
.......... C:/boost_1_42_0/boost/preprocessor/identity.hpp
........... C:/boost_1_42_0/boost/preprocessor/facilities/identity.hpp
.......... C:/boost_1_42_0/boost/preprocessor/empty.hpp
.......... C:/boost_1_42_0/boost/preprocessor/arithmetic/add.hpp
........... C:/boost_1_42_0/boost/preprocessor/arithmetic/dec.hpp
........... C:/boost_1_42_0/boost/preprocessor/control/while.hpp
............ C:/boost_1_42_0/boost/preprocessor/detail/auto_rec.hpp
............ C:/boost_1_42_0/boost/preprocessor/list/fold_left.hpp
............. C:/boost_1_42_0/boost/preprocessor/control/while.hpp
............. C:/boost_1_42_0/boost/preprocessor/detail/auto_rec.hpp
............. C:/boost_1_42_0/boost/preprocessor/list/detail/fold_left.hpp
.............. C:/boost_1_42_0/boost/preprocessor/control/expr_iif.hpp
.............. C:/boost_1_42_0/boost/preprocessor/list/adt.hpp
............... C:/boost_1_42_0/boost/preprocessor/detail/is_binary.hpp
................ C:/boost_1_42_0/boost/preprocessor/detail/check.hpp
............... C:/boost_1_42_0/boost/preprocessor/logical/compl.hpp
............ C:/boost_1_42_0/boost/preprocessor/list/fold_right.hpp
............. C:/boost_1_42_0/boost/preprocessor/detail/auto_rec.hpp
............. C:/boost_1_42_0/boost/preprocessor/list/detail/fold_right.hpp
.............. C:/boost_1_42_0/boost/preprocessor/list/reverse.hpp
............ C:/boost_1_42_0/boost/preprocessor/control/detail/while.hpp
........... C:/boost_1_42_0/boost/preprocessor/tuple/elem.hpp
.......... C:/boost_1_42_0/boost/preprocessor/arithmetic/sub.hpp
.... C:/boost_1_42_0/boost/range/end.hpp
..... C:/boost_1_42_0/boost/range/detail/implementation_help.hpp
...... C:/boost_1_42_0/boost/range/detail/common.hpp
....... C:/boost_1_42_0/boost/range/detail/sfinae.hpp
........ C:/boost_1_42_0/boost/type_traits/is_array.hpp
......... C:/boost_1_42_0/boost/type_traits/detail/bool_trait_def.hpp
.......... C:/boost_1_42_0/boost/type_traits/detail/template_arity_spec.hpp
......... C:/boost_1_42_0/boost/type_traits/detail/bool_trait_undef.hpp
....... C:/boost_1_42_0/boost/type_traits/is_void.hpp
........ C:/boost_1_42_0/boost/type_traits/detail/bool_trait_def.hpp
......... C:/boost_1_42_0/boost/type_traits/detail/template_arity_spec.hpp
........ C:/boost_1_42_0/boost/type_traits/detail/bool_trait_undef.hpp
....... C:/boost_1_42_0/boost/type_traits/detail/ice_or.hpp
...... C:/boost_1_42_0/boost/type_traits/is_same.hpp
....... C:/boost_1_42_0/boost/type_traits/detail/bool_trait_def.hpp
........ C:/boost_1_42_0/boost/type_traits/detail/template_arity_spec.hpp
....... C:/boost_1_42_0/boost/type_traits/detail/bool_trait_undef.hpp
.... C:/boost_1_42_0/boost/range/size.hpp
..... C:/boost_1_42_0/boost/range/difference_type.hpp
..... C:/boost_1_42_0/boost/assert.hpp
...... C:/asm/MinGW/bin/../lib/gcc/mingw32/3.4.5/../../../../include/assert.h
.... C:/boost_1_42_0/boost/range/distance.hpp
.... C:/boost_1_42_0/boost/range/empty.hpp
.... C:/boost_1_42_0/boost/range/rbegin.hpp
..... C:/boost_1_42_0/boost/range/reverse_iterator.hpp
...... C:/boost_1_42_0/boost/iterator/reverse_iterator.hpp
....... C:/boost_1_42_0/boost/iterator.hpp
....... C:/boost_1_42_0/boost/utility.hpp
........ C:/boost_1_42_0/boost/utility/addressof.hpp
........ C:/boost_1_42_0/boost/utility/base_from_member.hpp
......... C:/boost_1_42_0/boost/preprocessor/repetition/enum_binary_params.hpp
.......... C:/boost_1_42_0/boost/preprocessor/tuple/rem.hpp
......... C:/boost_1_42_0/boost/preprocessor/repetition/enum_params.hpp
......... C:/boost_1_42_0/boost/preprocessor/repetition/repeat_from_to.hpp
.......... C:/boost_1_42_0/boost/preprocessor/detail/auto_rec.hpp
........ C:/boost_1_42_0/boost/utility/binary.hpp
......... C:/boost_1_42_0/boost/preprocessor/control/deduce_d.hpp
.......... C:/boost_1_42_0/boost/preprocessor/detail/auto_rec.hpp
......... C:/boost_1_42_0/boost/preprocessor/seq/cat.hpp
.......... C:/boost_1_42_0/boost/preprocessor/seq/fold_left.hpp
........... C:/boost_1_42_0/boost/preprocessor/detail/auto_rec.hpp
........... C:/boost_1_42_0/boost/preprocessor/seq/seq.hpp
............ C:/boost_1_42_0/boost/preprocessor/seq/elem.hpp
........... C:/boost_1_42_0/boost/preprocessor/seq/size.hpp
......... C:/boost_1_42_0/boost/preprocessor/seq/transform.hpp
......... C:/boost_1_42_0/boost/preprocessor/arithmetic/mod.hpp
.......... C:/boost_1_42_0/boost/preprocessor/arithmetic/detail/div_base.hpp
........... C:/boost_1_42_0/boost/preprocessor/comparison/less_equal.hpp
............ C:/boost_1_42_0/boost/preprocessor/logical/not.hpp
........ C:/boost_1_42_0/boost/utility/enable_if.hpp
........ C:/boost_1_42_0/boost/checked_delete.hpp
........ C:/boost_1_42_0/boost/next_prior.hpp
........ C:/boost_1_42_0/boost/noncopyable.hpp
....... C:/boost_1_42_0/boost/iterator/iterator_adaptor.hpp
........ C:/boost_1_42_0/boost/iterator/iterator_categories.hpp
......... C:/boost_1_42_0/boost/iterator/detail/config_def.hpp
......... C:/boost_1_42_0/boost/mpl/identity.hpp
......... C:/boost_1_42_0/boost/mpl/placeholders.hpp
.......... C:/boost_1_42_0/boost/mpl/arg.hpp
........... C:/boost_1_42_0/boost/mpl/arg_fwd.hpp
........... C:/boost_1_42_0/boost/mpl/aux_/na_assert.hpp
............ C:/boost_1_42_0/boost/mpl/assert.hpp
............. C:/boost_1_42_0/boost/mpl/not.hpp
.............. C:/boost_1_42_0/boost/mpl/aux_/nested_type_wknd.hpp
............. C:/boost_1_42_0/boost/mpl/aux_/yes_no.hpp
.............. C:/boost_1_42_0/boost/mpl/aux_/config/arrays.hpp
............. C:/boost_1_42_0/boost/mpl/aux_/config/pp_counter.hpp
........... C:/boost_1_42_0/boost/mpl/aux_/arity_spec.hpp
........... C:/boost_1_42_0/boost/mpl/aux_/arg_typedef.hpp
........... C:/boost_1_42_0/boost/mpl/aux_/config/use_preprocessed.hpp
........... C:/boost_1_42_0/boost/mpl/aux_/include_preprocessed.hpp
............ C:/boost_1_42_0/boost/mpl/aux_/config/compiler.hpp
............ C:/boost_1_42_0/boost/preprocessor/stringize.hpp
............ C:/boost_1_42_0/boost/mpl/aux_/preprocessed/gcc/arg.hpp
.......... C:/boost_1_42_0/boost/mpl/aux_/include_preprocessed.hpp
........... C:/boost_1_42_0/boost/mpl/aux_/preprocessed/gcc/placeholders.hpp
......... C:/boost_1_42_0/boost/type_traits/is_convertible.hpp
.......... C:/boost_1_42_0/boost/type_traits/add_reference.hpp
........... C:/boost_1_42_0/boost/type_traits/detail/type_trait_def.hpp
............ C:/boost_1_42_0/boost/type_traits/detail/template_arity_spec.hpp
........... C:/boost_1_42_0/boost/type_traits/detail/type_trait_undef.hpp
.......... C:/boost_1_42_0/boost/type_traits/ice.hpp
........... C:/boost_1_42_0/boost/type_traits/detail/ice_eq.hpp
.......... C:/boost_1_42_0/boost/type_traits/is_arithmetic.hpp
........... C:/boost_1_42_0/boost/type_traits/is_integral.hpp
............ C:/boost_1_42_0/boost/type_traits/detail/bool_trait_def.hpp
............. C:/boost_1_42_0/boost/type_traits/detail/template_arity_spec.hpp
............ C:/boost_1_42_0/boost/type_traits/detail/bool_trait_undef.hpp
........... C:/boost_1_42_0/boost/type_traits/is_float.hpp
............ C:/boost_1_42_0/boost/type_traits/detail/bool_trait_def.hpp
............. C:/boost_1_42_0/boost/type_traits/detail/template_arity_spec.hpp
............ C:/boost_1_42_0/boost/type_traits/detail/bool_trait_undef.hpp
........... C:/boost_1_42_0/boost/type_traits/detail/bool_trait_def.hpp
............ C:/boost_1_42_0/boost/type_traits/detail/template_arity_spec.hpp
........... C:/boost_1_42_0/boost/type_traits/detail/bool_trait_undef.hpp
.......... C:/boost_1_42_0/boost/type_traits/detail/bool_trait_def.hpp
........... C:/boost_1_42_0/boost/type_traits/detail/template_arity_spec.hpp
.......... C:/boost_1_42_0/boost/type_traits/detail/bool_trait_undef.hpp
......... C:/boost_1_42_0/boost/iterator/detail/config_undef.hpp
........ C:/boost_1_42_0/boost/iterator/iterator_facade.hpp
......... C:/boost_1_42_0/boost/iterator/interoperable.hpp
.......... C:/boost_1_42_0/boost/mpl/or.hpp
........... C:/boost_1_42_0/boost/mpl/aux_/include_preprocessed.hpp
............ C:/boost_1_42_0/boost/mpl/aux_/preprocessed/gcc/or.hpp
.......... C:/boost_1_42_0/boost/iterator/detail/config_def.hpp
.......... C:/boost_1_42_0/boost/iterator/detail/config_undef.hpp
......... C:/boost_1_42_0/boost/iterator/detail/facade_iterator_category.hpp
.......... C:/boost_1_42_0/boost/mpl/and.hpp
........... C:/boost_1_42_0/boost/mpl/aux_/include_preprocessed.hpp
............ C:/boost_1_42_0/boost/mpl/aux_/preprocessed/gcc/and.hpp
.......... C:/boost_1_42_0/boost/iterator/detail/config_def.hpp
.......... C:/boost_1_42_0/boost/detail/indirect_traits.hpp
........... C:/boost_1_42_0/boost/type_traits/is_function.hpp
............ C:/boost_1_42_0/boost/type_traits/detail/false_result.hpp
............ C:/boost_1_42_0/boost/type_traits/detail/is_function_ptr_helper.hpp
............ C:/boost_1_42_0/boost/type_traits/detail/bool_trait_def.hpp
............. C:/boost_1_42_0/boost/type_traits/detail/template_arity_spec.hpp
............ C:/boost_1_42_0/boost/type_traits/detail/bool_trait_undef.hpp
........... C:/boost_1_42_0/boost/type_traits/is_pointer.hpp
............ C:/boost_1_42_0/boost/type_traits/is_member_pointer.hpp
............. C:/boost_1_42_0/boost/type_traits/is_member_function_pointer.hpp
.............. C:/boost_1_42_0/boost/type_traits/detail/is_mem_fun_pointer_impl.hpp
.............. C:/boost_1_42_0/boost/type_traits/detail/bool_trait_def.hpp
............... C:/boost_1_42_0/boost/type_traits/detail/template_arity_spec.hpp
.............. C:/boost_1_42_0/boost/type_traits/detail/bool_trait_undef.hpp
............. C:/boost_1_42_0/boost/type_traits/detail/bool_trait_def.hpp
.............. C:/boost_1_42_0/boost/type_traits/detail/template_arity_spec.hpp
............. C:/boost_1_42_0/boost/type_traits/detail/bool_trait_undef.hpp
............ C:/boost_1_42_0/boost/type_traits/detail/bool_trait_def.hpp
............. C:/boost_1_42_0/boost/type_traits/detail/template_arity_spec.hpp
............ C:/boost_1_42_0/boost/type_traits/detail/bool_trait_undef.hpp
........... C:/boost_1_42_0/boost/type_traits/remove_reference.hpp
............ C:/boost_1_42_0/boost/type_traits/detail/type_trait_def.hpp
............. C:/boost_1_42_0/boost/type_traits/detail/template_arity_spec.hpp
............ C:/boost_1_42_0/boost/type_traits/detail/type_trait_undef.hpp
........... C:/boost_1_42_0/boost/type_traits/remove_pointer.hpp
............ C:/boost_1_42_0/boost/type_traits/detail/type_trait_def.hpp
............. C:/boost_1_42_0/boost/type_traits/detail/template_arity_spec.hpp
............ C:/boost_1_42_0/boost/type_traits/detail/type_trait_undef.hpp
.......... C:/boost_1_42_0/boost/iterator/detail/config_undef.hpp
......... C:/boost_1_42_0/boost/iterator/detail/enable_if.hpp
.......... C:/boost_1_42_0/boost/iterator/detail/config_def.hpp
.......... C:/boost_1_42_0/boost/iterator/detail/config_undef.hpp
......... C:/boost_1_42_0/boost/implicit_cast.hpp
......... C:/boost_1_42_0/boost/type_traits/add_const.hpp
.......... C:/boost_1_42_0/boost/type_traits/detail/type_trait_def.hpp
........... C:/boost_1_42_0/boost/type_traits/detail/template_arity_spec.hpp
.......... C:/boost_1_42_0/boost/type_traits/detail/type_trait_undef.hpp
......... C:/boost_1_42_0/boost/type_traits/add_pointer.hpp
.......... C:/boost_1_42_0/boost/type_traits/detail/type_trait_def.hpp
........... C:/boost_1_42_0/boost/type_traits/detail/template_arity_spec.hpp
.......... C:/boost_1_42_0/boost/type_traits/detail/type_trait_undef.hpp
......... C:/boost_1_42_0/boost/type_traits/is_pod.hpp
.......... C:/boost_1_42_0/boost/type_traits/is_scalar.hpp
........... C:/boost_1_42_0/boost/type_traits/is_enum.hpp
............ C:/boost_1_42_0/boost/type_traits/detail/bool_trait_def.hpp
............. C:/boost_1_42_0/boost/type_traits/detail/template_arity_spec.hpp
............ C:/boost_1_42_0/boost/type_traits/detail/bool_trait_undef.hpp
........... C:/boost_1_42_0/boost/type_traits/detail/bool_trait_def.hpp
............ C:/boost_1_42_0/boost/type_traits/detail/template_arity_spec.hpp
........... C:/boost_1_42_0/boost/type_traits/detail/bool_trait_undef.hpp
.......... C:/boost_1_42_0/boost/type_traits/detail/bool_trait_def.hpp
........... C:/boost_1_42_0/boost/type_traits/detail/template_arity_spec.hpp
.......... C:/boost_1_42_0/boost/type_traits/detail/bool_trait_undef.hpp
......... C:/boost_1_42_0/boost/mpl/always.hpp
......... C:/boost_1_42_0/boost/mpl/apply.hpp
.......... C:/boost_1_42_0/boost/mpl/apply_fwd.hpp
........... C:/boost_1_42_0/boost/mpl/aux_/include_preprocessed.hpp
............ C:/boost_1_42_0/boost/mpl/aux_/preprocessed/gcc/apply_fwd.hpp
.......... C:/boost_1_42_0/boost/mpl/apply_wrap.hpp
........... C:/boost_1_42_0/boost/mpl/aux_/has_apply.hpp
............ C:/boost_1_42_0/boost/mpl/has_xxx.hpp
............. C:/boost_1_42_0/boost/mpl/aux_/type_wrapper.hpp
............. C:/boost_1_42_0/boost/mpl/aux_/config/has_xxx.hpp
............. C:/boost_1_42_0/boost/mpl/aux_/config/msvc_typename.hpp
............ C:/boost_1_42_0/boost/mpl/aux_/config/has_apply.hpp
........... C:/boost_1_42_0/boost/mpl/aux_/msvc_never_true.hpp
........... C:/boost_1_42_0/boost/mpl/aux_/include_preprocessed.hpp
............ C:/boost_1_42_0/boost/mpl/aux_/preprocessed/gcc/apply_wrap.hpp
.......... C:/boost_1_42_0/boost/mpl/placeholders.hpp
.......... C:/boost_1_42_0/boost/mpl/lambda.hpp
........... C:/boost_1_42_0/boost/mpl/bind.hpp
............ C:/boost_1_42_0/boost/mpl/bind_fwd.hpp
............. C:/boost_1_42_0/boost/mpl/aux_/config/bind.hpp
............. C:/boost_1_42_0/boost/mpl/aux_/include_preprocessed.hpp
.............. C:/boost_1_42_0/boost/mpl/aux_/preprocessed/gcc/bind_fwd.hpp
............ C:/boost_1_42_0/boost/mpl/placeholders.hpp
............ C:/boost_1_42_0/boost/mpl/next.hpp
............. C:/boost_1_42_0/boost/mpl/next_prior.hpp
.............. C:/boost_1_42_0/boost/mpl/aux_/common_name_wknd.hpp
............ C:/boost_1_42_0/boost/mpl/protect.hpp
............ C:/boost_1_42_0/boost/mpl/apply_wrap.hpp
............ C:/boost_1_42_0/boost/mpl/aux_/include_preprocessed.hpp
............. C:/boost_1_42_0/boost/mpl/aux_/preprocessed/gcc/bind.hpp
........... C:/boost_1_42_0/boost/mpl/aux_/full_lambda.hpp
............ C:/boost_1_42_0/boost/mpl/bind_fwd.hpp
............ C:/boost_1_42_0/boost/mpl/quote.hpp
............. C:/boost_1_42_0/boost/mpl/void.hpp
............. C:/boost_1_42_0/boost/mpl/aux_/has_type.hpp
............. C:/boost_1_42_0/boost/mpl/aux_/config/bcc.hpp
............. C:/boost_1_42_0/boost/mpl/aux_/include_preprocessed.hpp
.............. C:/boost_1_42_0/boost/mpl/aux_/preprocessed/gcc/quote.hpp
............ C:/boost_1_42_0/boost/mpl/arg.hpp
............ C:/boost_1_42_0/boost/mpl/aux_/template_arity.hpp
............. C:/boost_1_42_0/boost/mpl/aux_/include_preprocessed.hpp
.............. C:/boost_1_42_0/boost/mpl/aux_/preprocessed/gcc/template_arity.hpp
............ C:/boost_1_42_0/boost/mpl/aux_/include_preprocessed.hpp
............. C:/boost_1_42_0/boost/mpl/aux_/preprocessed/gcc/full_lambda.hpp
.......... C:/boost_1_42_0/boost/mpl/aux_/include_preprocessed.hpp
........... C:/boost_1_42_0/boost/mpl/aux_/preprocessed/gcc/apply.hpp
......... C:/boost_1_42_0/boost/iterator/detail/config_def.hpp
......... C:/boost_1_42_0/boost/iterator/detail/config_undef.hpp
........ C:/boost_1_42_0/boost/iterator/detail/config_def.hpp
........ C:/boost_1_42_0/boost/iterator/detail/config_undef.hpp
.... C:/boost_1_42_0/boost/range/rend.hpp
.. C:/boost_1_42_0/boost/algorithm/string/find_format.hpp
... C:/asm/MinGW/bin/../lib/gcc/mingw32/3.4.5/../../../../include/c++/3.4.5/deque
.... C:/asm/MinGW/bin/../lib/gcc/mingw32/3.4.5/../../../../include/c++/3.4.5/bits/functexcept.h
.... C:/asm/MinGW/bin/../lib/gcc/mingw32/3.4.5/../../../../include/c++/3.4.5/bits/stl_deque.h
.... C:/asm/MinGW/bin/../lib/gcc/mingw32/3.4.5/../../../../include/c++/3.4.5/bits/deque.tcc
... C:/boost_1_42_0/boost/range/as_literal.hpp
.... C:/boost_1_42_0/boost/range/detail/str_types.hpp
..... C:/boost_1_42_0/boost/range/size_type.hpp
... C:/boost_1_42_0/boost/algorithm/string/concept.hpp
.... C:/boost_1_42_0/boost/concept_check.hpp
..... C:/boost_1_42_0/boost/concept/assert.hpp
...... C:/boost_1_42_0/boost/concept/detail/general.hpp
....... C:/boost_1_42_0/boost/concept/detail/has_constraints.hpp
..... C:/boost_1_42_0/boost/type_traits/conversion_traits.hpp
..... C:/boost_1_42_0/boost/concept/usage.hpp
..... C:/boost_1_42_0/boost/concept/detail/concept_def.hpp
...... C:/boost_1_42_0/boost/preprocessor/seq/for_each_i.hpp
....... C:/boost_1_42_0/boost/preprocessor/repetition/for.hpp
........ C:/boost_1_42_0/boost/preprocessor/detail/auto_rec.hpp
........ C:/boost_1_42_0/boost/preprocessor/repetition/detail/for.hpp
...... C:/boost_1_42_0/boost/preprocessor/seq/enum.hpp
..... C:/boost_1_42_0/boost/concept/detail/concept_undef.hpp
... C:/boost_1_42_0/boost/algorithm/string/detail/find_format.hpp
.... C:/boost_1_42_0/boost/algorithm/string/detail/find_format_store.hpp
.... C:/boost_1_42_0/boost/algorithm/string/detail/replace_storage.hpp
..... C:/boost_1_42_0/boost/algorithm/string/sequence_traits.hpp
...... C:/boost_1_42_0/boost/algorithm/string/yes_no_type.hpp
..... C:/boost_1_42_0/boost/algorithm/string/detail/sequence.hpp
...... C:/boost_1_42_0/boost/mpl/logical.hpp
... C:/boost_1_42_0/boost/algorithm/string/detail/find_format_all.hpp
.... C:/boost_1_42_0/boost/range/value_type.hpp
.. C:/boost_1_42_0/boost/algorithm/string/finder.hpp
... C:/boost_1_42_0/boost/algorithm/string/constants.hpp
... C:/boost_1_42_0/boost/algorithm/string/detail/finder.hpp
... C:/boost_1_42_0/boost/algorithm/string/compare.hpp
.. C:/boost_1_42_0/boost/algorithm/string/formatter.hpp
... C:/boost_1_42_0/boost/algorithm/string/detail/formatter.hpp
.... C:/boost_1_42_0/boost/algorithm/string/detail/util.hpp
..... C:/asm/MinGW/bin/../lib/gcc/mingw32/3.4.5/../../../../include/c++/3.4.5/functional
. C:/boost_1_42_0/boost/algorithm/string/join.hpp
. C:/boost_1_42_0/boost/algorithm/string/predicate.hpp
.. C:/boost_1_42_0/boost/algorithm/string/find.hpp
.. C:/boost_1_42_0/boost/algorithm/string/detail/predicate.hpp
. C:/boost_1_42_0/boost/assign/std/vector.hpp
.. C:/boost_1_42_0/boost/assign/list_inserter.hpp
... C:/boost_1_42_0/boost/preprocessor/iteration/local.hpp
.... C:/boost_1_42_0/boost/preprocessor/slot/slot.hpp
..... C:/boost_1_42_0/boost/preprocessor/slot/detail/def.hpp
... C:/boost_1_42_0/boost/preprocessor/iteration/detail/local.hpp
... C:/boost_1_42_0/boost/preprocessor/iteration/detail/local.hpp
... C:/boost_1_42_0/boost/preprocessor/iteration/detail/local.hpp
.. C:/asm/MinGW/bin/../lib/gcc/mingw32/3.4.5/../../../../include/c++/3.4.5/vector
... C:/asm/MinGW/bin/../lib/gcc/mingw32/3.4.5/../../../../include/c++/3.4.5/bits/functexcept.h
... C:/asm/MinGW/bin/../lib/gcc/mingw32/3.4.5/../../../../include/c++/3.4.5/bits/stl_vector.h
.... C:/asm/MinGW/bin/../lib/gcc/mingw32/3.4.5/../../../../include/c++/3.4.5/bits/functexcept.h
... C:/asm/MinGW/bin/../lib/gcc/mingw32/3.4.5/../../../../include/c++/3.4.5/bits/stl_bvector.h
... C:/asm/MinGW/bin/../lib/gcc/mingw32/3.4.5/../../../../include/c++/3.4.5/bits/vector.tcc
. C:/boost_1_42_0/boost/exception/diagnostic_information.hpp
.. C:/boost_1_42_0/boost/exception/get_error_info.hpp
... C:/boost_1_42_0/boost/exception/exception.hpp
... C:/boost_1_42_0/boost/exception/detail/error_info_impl.hpp
... C:/boost_1_42_0/boost/exception/detail/type_info.hpp
.... C:/boost_1_42_0/boost/detail/sp_typeinfo.hpp
.... C:/boost_1_42_0/boost/current_function.hpp
... C:/boost_1_42_0/boost/shared_ptr.hpp
.... C:/boost_1_42_0/boost/smart_ptr/shared_ptr.hpp
..... C:/boost_1_42_0/boost/config/no_tr1/memory.hpp
..... C:/boost_1_42_0/boost/assert.hpp
...... C:/asm/MinGW/bin/../lib/gcc/mingw32/3.4.5/../../../../include/assert.h
..... C:/boost_1_42_0/boost/throw_exception.hpp
...... C:/boost_1_42_0/boost/exception/detail/attribute_noreturn.hpp
..... C:/boost_1_42_0/boost/smart_ptr/detail/shared_count.hpp
...... C:/boost_1_42_0/boost/smart_ptr/bad_weak_ptr.hpp
...... C:/boost_1_42_0/boost/smart_ptr/detail/sp_counted_base.hpp
....... C:/boost_1_42_0/boost/smart_ptr/detail/sp_has_sync.hpp
....... C:/boost_1_42_0/boost/smart_ptr/detail/sp_counted_base_gcc_x86.hpp
...... C:/boost_1_42_0/boost/smart_ptr/detail/sp_counted_impl.hpp
..... C:/boost_1_42_0/boost/smart_ptr/detail/sp_convertible.hpp
..... C:/boost_1_42_0/boost/smart_ptr/detail/spinlock_pool.hpp
...... C:/boost_1_42_0/boost/smart_ptr/detail/spinlock.hpp
....... C:/boost_1_42_0/boost/smart_ptr/detail/spinlock_w32.hpp
........ C:/boost_1_42_0/boost/detail/interlocked.hpp
........ C:/boost_1_42_0/boost/smart_ptr/detail/yield_k.hpp
..... C:/boost_1_42_0/boost/memory_order.hpp
..... C:/boost_1_42_0/boost/smart_ptr/detail/operator_bool.hpp
.. C:/asm/MinGW/bin/../lib/gcc/mingw32/3.4.5/../../../../include/c++/3.4.5/sstream
... C:/asm/MinGW/bin/../lib/gcc/mingw32/3.4.5/../../../../include/c++/3.4.5/bits/sstream.tcc
.... C:/asm/MinGW/bin/../lib/gcc/mingw32/3.4.5/../../../../include/c++/3.4.5/sstream
.. C:/boost_1_42_0/boost/exception/current_exception_cast.hpp
. C:/boost_1_42_0/boost/multi_index_container.hpp
.. C:/boost_1_42_0/boost/detail/allocator_utilities.hpp
.. C:/boost_1_42_0/boost/detail/no_exceptions_support.hpp
.. C:/boost_1_42_0/boost/mpl/at.hpp
... C:/boost_1_42_0/boost/mpl/at_fwd.hpp
... C:/boost_1_42_0/boost/mpl/aux_/at_impl.hpp
.... C:/boost_1_42_0/boost/mpl/begin_end.hpp
..... C:/boost_1_42_0/boost/mpl/begin_end_fwd.hpp
..... C:/boost_1_42_0/boost/mpl/aux_/begin_end_impl.hpp
...... C:/boost_1_42_0/boost/mpl/sequence_tag_fwd.hpp
...... C:/boost_1_42_0/boost/mpl/aux_/has_begin.hpp
...... C:/boost_1_42_0/boost/mpl/aux_/traits_lambda_spec.hpp
..... C:/boost_1_42_0/boost/mpl/sequence_tag.hpp
...... C:/boost_1_42_0/boost/mpl/aux_/has_tag.hpp
...... C:/boost_1_42_0/boost/mpl/aux_/is_msvc_eti_arg.hpp
.... C:/boost_1_42_0/boost/mpl/advance.hpp
..... C:/boost_1_42_0/boost/mpl/advance_fwd.hpp
..... C:/boost_1_42_0/boost/mpl/less.hpp
...... C:/boost_1_42_0/boost/mpl/aux_/comparison_op.hpp
....... C:/boost_1_42_0/boost/mpl/aux_/numeric_op.hpp
........ C:/boost_1_42_0/boost/mpl/numeric_cast.hpp
........ C:/boost_1_42_0/boost/mpl/apply_wrap.hpp
........ C:/boost_1_42_0/boost/mpl/tag.hpp
........ C:/boost_1_42_0/boost/mpl/aux_/numeric_cast_utils.hpp
......... C:/boost_1_42_0/boost/mpl/apply_wrap.hpp
......... C:/boost_1_42_0/boost/mpl/aux_/config/forwarding.hpp
........ C:/boost_1_42_0/boost/mpl/aux_/msvc_eti_base.hpp
....... C:/boost_1_42_0/boost/mpl/aux_/include_preprocessed.hpp
........ C:/boost_1_42_0/boost/mpl/aux_/preprocessed/gcc/less.hpp
..... C:/boost_1_42_0/boost/mpl/negate.hpp
..... C:/boost_1_42_0/boost/mpl/long.hpp
...... C:/boost_1_42_0/boost/mpl/long_fwd.hpp
...... C:/boost_1_42_0/boost/mpl/aux_/integral_wrapper.hpp
..... C:/boost_1_42_0/boost/mpl/apply_wrap.hpp
..... C:/boost_1_42_0/boost/mpl/aux_/advance_forward.hpp
...... C:/boost_1_42_0/boost/mpl/apply_wrap.hpp
...... C:/boost_1_42_0/boost/mpl/aux_/include_preprocessed.hpp
....... C:/boost_1_42_0/boost/mpl/aux_/preprocessed/gcc/advance_forward.hpp
..... C:/boost_1_42_0/boost/mpl/aux_/advance_backward.hpp
...... C:/boost_1_42_0/boost/mpl/prior.hpp
...... C:/boost_1_42_0/boost/mpl/apply_wrap.hpp
...... C:/boost_1_42_0/boost/mpl/aux_/include_preprocessed.hpp
....... C:/boost_1_42_0/boost/mpl/aux_/preprocessed/gcc/advance_backward.hpp
.... C:/boost_1_42_0/boost/mpl/deref.hpp
..... C:/boost_1_42_0/boost/mpl/aux_/msvc_type.hpp
.. C:/boost_1_42_0/boost/mpl/contains.hpp
... C:/boost_1_42_0/boost/mpl/contains_fwd.hpp
... C:/boost_1_42_0/boost/mpl/aux_/contains_impl.hpp
.... C:/boost_1_42_0/boost/mpl/find.hpp
..... C:/boost_1_42_0/boost/mpl/find_if.hpp
...... C:/boost_1_42_0/boost/mpl/aux_/find_if_pred.hpp
....... C:/boost_1_42_0/boost/mpl/aux_/iter_apply.hpp
........ C:/boost_1_42_0/boost/mpl/apply.hpp
...... C:/boost_1_42_0/boost/mpl/arg.hpp
...... C:/boost_1_42_0/boost/mpl/iter_fold_if.hpp
....... C:/boost_1_42_0/boost/mpl/pair.hpp
....... C:/boost_1_42_0/boost/mpl/apply.hpp
....... C:/boost_1_42_0/boost/mpl/aux_/iter_fold_if_impl.hpp
........ C:/boost_1_42_0/boost/mpl/apply.hpp
........ C:/boost_1_42_0/boost/mpl/aux_/include_preprocessed.hpp
......... C:/boost_1_42_0/boost/mpl/aux_/preprocessed/gcc/iter_fold_if_impl.hpp
..... C:/boost_1_42_0/boost/mpl/same_as.hpp
...... C:/boost_1_42_0/boost/mpl/aux_/lambda_spec.hpp
.. C:/boost_1_42_0/boost/mpl/size.hpp
... C:/boost_1_42_0/boost/mpl/size_fwd.hpp
... C:/boost_1_42_0/boost/mpl/aux_/size_impl.hpp
.... C:/boost_1_42_0/boost/mpl/distance.hpp
..... C:/boost_1_42_0/boost/mpl/distance_fwd.hpp
..... C:/boost_1_42_0/boost/mpl/iter_fold.hpp
...... C:/boost_1_42_0/boost/mpl/O1_size.hpp
....... C:/boost_1_42_0/boost/mpl/O1_size_fwd.hpp
....... C:/boost_1_42_0/boost/mpl/aux_/O1_size_impl.hpp
........ C:/boost_1_42_0/boost/mpl/aux_/has_size.hpp
...... C:/boost_1_42_0/boost/mpl/aux_/iter_fold_impl.hpp
....... C:/boost_1_42_0/boost/mpl/apply.hpp
....... C:/boost_1_42_0/boost/mpl/aux_/include_preprocessed.hpp
........ C:/boost_1_42_0/boost/mpl/aux_/preprocessed/gcc/iter_fold_impl.hpp
..... C:/boost_1_42_0/boost/mpl/iterator_range.hpp
..... C:/boost_1_42_0/boost/mpl/apply_wrap.hpp
.. C:/boost_1_42_0/boost/multi_index_container_fwd.hpp
... C:/boost_1_42_0/boost/multi_index/identity.hpp
.... C:/boost_1_42_0/boost/multi_index/identity_fwd.hpp
... C:/boost_1_42_0/boost/multi_index/indexed_by.hpp
.... C:/boost_1_42_0/boost/mpl/vector.hpp
..... C:/boost_1_42_0/boost/mpl/limits/vector.hpp
..... C:/boost_1_42_0/boost/mpl/vector/vector20.hpp
...... C:/boost_1_42_0/boost/mpl/vector/vector10.hpp
....... C:/boost_1_42_0/boost/mpl/vector/vector0.hpp
........ C:/boost_1_42_0/boost/mpl/vector/aux_/at.hpp
......... C:/boost_1_42_0/boost/mpl/vector/aux_/tag.hpp
.......... C:/boost_1_42_0/boost/mpl/aux_/config/typeof.hpp
........ C:/boost_1_42_0/boost/mpl/vector/aux_/front.hpp
......... C:/boost_1_42_0/boost/mpl/front_fwd.hpp
........ C:/boost_1_42_0/boost/mpl/vector/aux_/push_front.hpp
......... C:/boost_1_42_0/boost/mpl/push_front_fwd.hpp
......... C:/boost_1_42_0/boost/mpl/vector/aux_/item.hpp
........ C:/boost_1_42_0/boost/mpl/vector/aux_/pop_front.hpp
......... C:/boost_1_42_0/boost/mpl/pop_front_fwd.hpp
........ C:/boost_1_42_0/boost/mpl/vector/aux_/push_back.hpp
......... C:/boost_1_42_0/boost/mpl/push_back_fwd.hpp
........ C:/boost_1_42_0/boost/mpl/vector/aux_/pop_back.hpp
......... C:/boost_1_42_0/boost/mpl/pop_back_fwd.hpp
........ C:/boost_1_42_0/boost/mpl/vector/aux_/back.hpp
......... C:/boost_1_42_0/boost/mpl/back_fwd.hpp
........ C:/boost_1_42_0/boost/mpl/vector/aux_/clear.hpp
......... C:/boost_1_42_0/boost/mpl/clear_fwd.hpp
......... C:/boost_1_42_0/boost/mpl/vector/aux_/vector0.hpp
.......... C:/boost_1_42_0/boost/mpl/vector/aux_/iterator.hpp
........... C:/boost_1_42_0/boost/mpl/iterator_tags.hpp
........... C:/boost_1_42_0/boost/mpl/plus.hpp
............ C:/boost_1_42_0/boost/mpl/aux_/arithmetic_op.hpp
............. C:/boost_1_42_0/boost/mpl/aux_/largest_int.hpp
............. C:/boost_1_42_0/boost/mpl/aux_/numeric_op.hpp
.............. C:/boost_1_42_0/boost/mpl/apply_wrap.hpp
............. C:/boost_1_42_0/boost/mpl/aux_/include_preprocessed.hpp
.............. C:/boost_1_42_0/boost/mpl/aux_/preprocessed/gcc/plus.hpp
........... C:/boost_1_42_0/boost/mpl/minus.hpp
............ C:/boost_1_42_0/boost/mpl/aux_/arithmetic_op.hpp
............. C:/boost_1_42_0/boost/mpl/aux_/numeric_op.hpp
.............. C:/boost_1_42_0/boost/mpl/apply_wrap.hpp
............. C:/boost_1_42_0/boost/mpl/aux_/include_preprocessed.hpp
.............. C:/boost_1_42_0/boost/mpl/aux_/preprocessed/gcc/minus.hpp
........ C:/boost_1_42_0/boost/mpl/vector/aux_/O1_size.hpp
........ C:/boost_1_42_0/boost/mpl/vector/aux_/size.hpp
........ C:/boost_1_42_0/boost/mpl/vector/aux_/empty.hpp
......... C:/boost_1_42_0/boost/mpl/empty_fwd.hpp
........ C:/boost_1_42_0/boost/mpl/vector/aux_/begin_end.hpp
....... C:/boost_1_42_0/boost/mpl/vector/aux_/include_preprocessed.hpp
........ C:/boost_1_42_0/boost/mpl/vector/aux_/preprocessed/typeof_based/vector10.hpp
...... C:/boost_1_42_0/boost/mpl/vector/aux_/include_preprocessed.hpp
....... C:/boost_1_42_0/boost/mpl/vector/aux_/preprocessed/typeof_based/vector20.hpp
..... C:/boost_1_42_0/boost/mpl/aux_/include_preprocessed.hpp
...... C:/boost_1_42_0/boost/mpl/aux_/preprocessed/gcc/vector.hpp
.... C:/boost_1_42_0/boost/preprocessor/control/expr_if.hpp
.... C:/boost_1_42_0/boost/preprocessor/repetition/enum.hpp
..... C:/boost_1_42_0/boost/preprocessor/detail/auto_rec.hpp
... C:/boost_1_42_0/boost/multi_index/ordered_index_fwd.hpp
.... C:/boost_1_42_0/boost/multi_index/detail/ord_index_args.hpp
..... C:/boost_1_42_0/boost/multi_index/tag.hpp
...... C:/boost_1_42_0/boost/multi_index/detail/no_duplicate_tags.hpp
....... C:/boost_1_42_0/boost/mpl/fold.hpp
........ C:/boost_1_42_0/boost/mpl/aux_/fold_impl.hpp
......... C:/boost_1_42_0/boost/mpl/apply.hpp
......... C:/boost_1_42_0/boost/mpl/aux_/include_preprocessed.hpp
.......... C:/boost_1_42_0/boost/mpl/aux_/preprocessed/gcc/fold_impl.hpp
....... C:/boost_1_42_0/boost/mpl/set/set0.hpp
........ C:/boost_1_42_0/boost/mpl/set/aux_/at_impl.hpp
......... C:/boost_1_42_0/boost/mpl/set/aux_/has_key_impl.hpp
.......... C:/boost_1_42_0/boost/mpl/set/aux_/tag.hpp
.......... C:/boost_1_42_0/boost/mpl/has_key_fwd.hpp
.......... C:/boost_1_42_0/boost/mpl/aux_/overload_names.hpp
........... C:/boost_1_42_0/boost/mpl/aux_/ptr_to_ref.hpp
........... C:/boost_1_42_0/boost/mpl/aux_/config/operators.hpp
........ C:/boost_1_42_0/boost/mpl/set/aux_/clear_impl.hpp
......... C:/boost_1_42_0/boost/mpl/set/aux_/set0.hpp
........ C:/boost_1_42_0/boost/mpl/set/aux_/size_impl.hpp
........ C:/boost_1_42_0/boost/mpl/set/aux_/empty_impl.hpp
........ C:/boost_1_42_0/boost/mpl/set/aux_/insert_impl.hpp
......... C:/boost_1_42_0/boost/mpl/insert_fwd.hpp
......... C:/boost_1_42_0/boost/mpl/set/aux_/item.hpp
......... C:/boost_1_42_0/boost/mpl/base.hpp
........ C:/boost_1_42_0/boost/mpl/set/aux_/erase_impl.hpp
......... C:/boost_1_42_0/boost/mpl/erase_fwd.hpp
......... C:/boost_1_42_0/boost/mpl/set/aux_/erase_key_impl.hpp
.......... C:/boost_1_42_0/boost/mpl/erase_key_fwd.hpp
........ C:/boost_1_42_0/boost/mpl/set/aux_/key_type_impl.hpp
......... C:/boost_1_42_0/boost/mpl/key_type_fwd.hpp
........ C:/boost_1_42_0/boost/mpl/set/aux_/value_type_impl.hpp
......... C:/boost_1_42_0/boost/mpl/value_type_fwd.hpp
........ C:/boost_1_42_0/boost/mpl/set/aux_/begin_end_impl.hpp
......... C:/boost_1_42_0/boost/mpl/set/aux_/iterator.hpp
.......... C:/boost_1_42_0/boost/mpl/has_key.hpp
........... C:/boost_1_42_0/boost/mpl/aux_/has_key_impl.hpp
...... C:/boost_1_42_0/boost/mpl/transform.hpp
....... C:/boost_1_42_0/boost/mpl/reverse_fold.hpp
........ C:/boost_1_42_0/boost/mpl/arg.hpp
........ C:/boost_1_42_0/boost/mpl/aux_/reverse_fold_impl.hpp
......... C:/boost_1_42_0/boost/mpl/apply.hpp
......... C:/boost_1_42_0/boost/mpl/aux_/include_preprocessed.hpp
.......... C:/boost_1_42_0/boost/mpl/aux_/preprocessed/gcc/reverse_fold_impl.hpp
....... C:/boost_1_42_0/boost/mpl/pair_view.hpp
........ C:/boost_1_42_0/boost/mpl/iterator_category.hpp
........ C:/boost_1_42_0/boost/mpl/min_max.hpp
....... C:/boost_1_42_0/boost/mpl/is_sequence.hpp
....... C:/boost_1_42_0/boost/mpl/bind.hpp
....... C:/boost_1_42_0/boost/mpl/aux_/inserter_algorithm.hpp
........ C:/boost_1_42_0/boost/mpl/back_inserter.hpp
......... C:/boost_1_42_0/boost/mpl/push_back.hpp
.......... C:/boost_1_42_0/boost/mpl/aux_/push_back_impl.hpp
......... C:/boost_1_42_0/boost/mpl/inserter.hpp
........ C:/boost_1_42_0/boost/mpl/front_inserter.hpp
......... C:/boost_1_42_0/boost/mpl/push_front.hpp
.......... C:/boost_1_42_0/boost/mpl/aux_/push_front_impl.hpp
........ C:/boost_1_42_0/boost/mpl/clear.hpp
......... C:/boost_1_42_0/boost/mpl/aux_/clear_impl.hpp
........ C:/boost_1_42_0/boost/mpl/aux_/preprocessor/default_params.hpp
...... C:/boost_1_42_0/boost/preprocessor/facilities/intercept.hpp
...... C:/boost_1_42_0/boost/type_traits/is_base_and_derived.hpp
....... C:/boost_1_42_0/boost/type_traits/detail/bool_trait_def.hpp
........ C:/boost_1_42_0/boost/type_traits/detail/template_arity_spec.hpp
....... C:/boost_1_42_0/boost/type_traits/detail/bool_trait_undef.hpp
.. C:/boost_1_42_0/boost/multi_index/detail/access_specifier.hpp
.. C:/boost_1_42_0/boost/multi_index/detail/adl_swap.hpp
.. C:/boost_1_42_0/boost/multi_index/detail/base_type.hpp
... C:/boost_1_42_0/boost/mpl/apply.hpp
... C:/boost_1_42_0/boost/multi_index/detail/index_base.hpp
.... C:/boost_1_42_0/boost/call_traits.hpp
..... C:/boost_1_42_0/boost/detail/call_traits.hpp
.... C:/boost_1_42_0/boost/multi_index/detail/copy_map.hpp
..... C:/boost_1_42_0/boost/multi_index/detail/auto_space.hpp
...... C:/boost_1_42_0/boost/multi_index/detail/prevent_eti.hpp
.... C:/boost_1_42_0/boost/multi_index/detail/node_type.hpp
..... C:/boost_1_42_0/boost/mpl/bind.hpp
..... C:/boost_1_42_0/boost/mpl/reverse_iter_fold.hpp
...... C:/boost_1_42_0/boost/mpl/arg.hpp
...... C:/boost_1_42_0/boost/mpl/aux_/reverse_iter_fold_impl.hpp
....... C:/boost_1_42_0/boost/mpl/apply.hpp
....... C:/boost_1_42_0/boost/mpl/aux_/include_preprocessed.hpp
........ C:/boost_1_42_0/boost/mpl/aux_/preprocessed/gcc/reverse_iter_fold_impl.hpp
..... C:/boost_1_42_0/boost/multi_index/detail/header_holder.hpp
..... C:/boost_1_42_0/boost/multi_index/detail/index_node_base.hpp
...... C:/boost_1_42_0/boost/type_traits/aligned_storage.hpp
....... C:/boost_1_42_0/boost/aligned_storage.hpp
........ C:/boost_1_42_0/boost/type_traits/alignment_of.hpp
......... C:/boost_1_42_0/boost/type_traits/detail/size_t_trait_def.hpp
.......... C:/boost_1_42_0/boost/type_traits/detail/template_arity_spec.hpp
.......... C:/boost_1_42_0/boost/mpl/size_t.hpp
........... C:/boost_1_42_0/boost/mpl/size_t_fwd.hpp
........... C:/boost_1_42_0/boost/mpl/aux_/integral_wrapper.hpp
......... C:/boost_1_42_0/boost/type_traits/detail/size_t_trait_undef.hpp
........ C:/boost_1_42_0/boost/type_traits/type_with_alignment.hpp
......... C:/boost_1_42_0/boost/preprocessor/list/for_each_i.hpp
......... C:/boost_1_42_0/boost/preprocessor/tuple/to_list.hpp
......... C:/boost_1_42_0/boost/preprocessor/list/transform.hpp
......... C:/boost_1_42_0/boost/preprocessor/list/append.hpp
......... C:/boost_1_42_0/boost/type_traits/alignment_of.hpp
......... C:/boost_1_42_0/boost/type_traits/detail/bool_trait_def.hpp
.......... C:/boost_1_42_0/boost/type_traits/detail/template_arity_spec.hpp
......... C:/boost_1_42_0/boost/type_traits/detail/bool_trait_undef.hpp
........ C:/boost_1_42_0/boost/type_traits/detail/bool_trait_def.hpp
......... C:/boost_1_42_0/boost/type_traits/detail/template_arity_spec.hpp
........ C:/boost_1_42_0/boost/type_traits/detail/bool_trait_undef.hpp
...... C:/boost_1_42_0/boost/archive/archive_exception.hpp
....... C:/asm/MinGW/bin/../lib/gcc/mingw32/3.4.5/../../../../include/c++/3.4.5/cassert
........ C:/asm/MinGW/bin/../lib/gcc/mingw32/3.4.5/../../../../include/assert.h
....... C:/boost_1_42_0/boost/archive/detail/decl.hpp
....... C:/asm/MinGW/bin/../lib/gcc/mingw32/3.4.5/../../../../include/excpt.h
........ C:/asm/MinGW/bin/../lib/gcc/mingw32/3.4.5/../../../../include/windef.h
......... C:/asm/MinGW/bin/../lib/gcc/mingw32/3.4.5/../../../../include/winnt.h
.......... C:/asm/MinGW/bin/../lib/gcc/mingw32/3.4.5/../../../../include/winerror.h
.......... C:/asm/MinGW/bin/../lib/gcc/mingw32/3.4.5/../../../../include/basetsd.h
.......... C:/asm/MinGW/bin/../lib/gcc/mingw32/3.4.5/../../../../include/pshpack4.h
.......... C:/asm/MinGW/bin/../lib/gcc/mingw32/3.4.5/../../../../include/poppack.h
....... C:/boost_1_42_0/boost/archive/detail/abi_prefix.hpp
........ C:/boost_1_42_0/boost/config/abi_prefix.hpp
....... C:/boost_1_42_0/boost/archive/detail/abi_suffix.hpp
........ C:/boost_1_42_0/boost/config/abi_suffix.hpp
...... C:/boost_1_42_0/boost/serialization/access.hpp
....... C:/boost_1_42_0/boost/serialization/pfto.hpp
..... C:/boost_1_42_0/boost/multi_index/detail/is_index_list.hpp
...... C:/boost_1_42_0/boost/mpl/empty.hpp
....... C:/boost_1_42_0/boost/mpl/aux_/empty_impl.hpp
..... C:/boost_1_42_0/boost/multi_index/detail/msvc_index_specifier.hpp
.... C:/boost_1_42_0/boost/tuple/tuple.hpp
..... C:/boost_1_42_0/boost/ref.hpp
..... C:/boost_1_42_0/boost/tuple/detail/tuple_basic.hpp
...... C:/boost_1_42_0/boost/type_traits/cv_traits.hpp
....... C:/boost_1_42_0/boost/type_traits/add_volatile.hpp
........ C:/boost_1_42_0/boost/type_traits/detail/type_trait_def.hpp
......... C:/boost_1_42_0/boost/type_traits/detail/template_arity_spec.hpp
........ C:/boost_1_42_0/boost/type_traits/detail/type_trait_undef.hpp
....... C:/boost_1_42_0/boost/type_traits/add_cv.hpp
........ C:/boost_1_42_0/boost/type_traits/detail/type_trait_def.hpp
......... C:/boost_1_42_0/boost/type_traits/detail/template_arity_spec.hpp
........ C:/boost_1_42_0/boost/type_traits/detail/type_trait_undef.hpp
....... C:/boost_1_42_0/boost/type_traits/remove_volatile.hpp
........ C:/boost_1_42_0/boost/type_traits/detail/type_trait_def.hpp
......... C:/boost_1_42_0/boost/type_traits/detail/template_arity_spec.hpp
........ C:/boost_1_42_0/boost/type_traits/detail/type_trait_undef.hpp
...... C:/boost_1_42_0/boost/type_traits/function_traits.hpp
.... C:/boost_1_42_0/boost/multi_index/detail/index_loader.hpp
..... C:/boost_1_42_0/boost/serialization/nvp.hpp
...... C:/boost_1_42_0/boost/serialization/level.hpp
....... C:/boost_1_42_0/boost/type_traits/is_fundamental.hpp
........ C:/boost_1_42_0/boost/type_traits/detail/bool_trait_def.hpp
......... C:/boost_1_42_0/boost/type_traits/detail/template_arity_spec.hpp
........ C:/boost_1_42_0/boost/type_traits/detail/bool_trait_undef.hpp
....... C:/boost_1_42_0/boost/serialization/level_enum.hpp
...... C:/boost_1_42_0/boost/serialization/tracking.hpp
....... C:/boost_1_42_0/boost/mpl/equal_to.hpp
........ C:/boost_1_42_0/boost/mpl/aux_/comparison_op.hpp
......... C:/boost_1_42_0/boost/mpl/aux_/numeric_op.hpp
.......... C:/boost_1_42_0/boost/mpl/apply_wrap.hpp
......... C:/boost_1_42_0/boost/mpl/aux_/include_preprocessed.hpp
.......... C:/boost_1_42_0/boost/mpl/aux_/preprocessed/gcc/equal_to.hpp
....... C:/boost_1_42_0/boost/mpl/greater.hpp
........ C:/boost_1_42_0/boost/mpl/aux_/comparison_op.hpp
......... C:/boost_1_42_0/boost/mpl/aux_/numeric_op.hpp
.......... C:/boost_1_42_0/boost/mpl/apply_wrap.hpp
......... C:/boost_1_42_0/boost/mpl/aux_/include_preprocessed.hpp
.......... C:/boost_1_42_0/boost/mpl/aux_/preprocessed/gcc/greater.hpp
....... C:/boost_1_42_0/boost/serialization/tracking_enum.hpp
....... C:/boost_1_42_0/boost/serialization/type_info_implementation.hpp
........ C:/boost_1_42_0/boost/serialization/traits.hpp
...... C:/boost_1_42_0/boost/serialization/split_member.hpp
...... C:/boost_1_42_0/boost/serialization/base_object.hpp
....... C:/boost_1_42_0/boost/type_traits/is_polymorphic.hpp
........ C:/boost_1_42_0/boost/type_traits/detail/bool_trait_def.hpp
......... C:/boost_1_42_0/boost/type_traits/detail/template_arity_spec.hpp
........ C:/boost_1_42_0/boost/type_traits/detail/bool_trait_undef.hpp
....... C:/boost_1_42_0/boost/serialization/force_include.hpp
....... C:/boost_1_42_0/boost/serialization/void_cast_fwd.hpp
...... C:/boost_1_42_0/boost/serialization/wrapper.hpp
.... C:/boost_1_42_0/boost/multi_index/detail/index_saver.hpp
..... C:/boost_1_42_0/boost/multi_index/detail/index_matcher.hpp
.. C:/boost_1_42_0/boost/multi_index/detail/converter.hpp
.. C:/boost_1_42_0/boost/multi_index/detail/has_tag.hpp
.. C:/boost_1_42_0/boost/multi_index/detail/safe_mode.hpp
.. C:/boost_1_42_0/boost/multi_index/detail/scope_guard.hpp
.. C:/boost_1_42_0/boost/multi_index/detail/archive_constructed.hpp
... C:/boost_1_42_0/boost/serialization/serialization.hpp
.... C:/boost_1_42_0/boost/serialization/strong_typedef.hpp
..... C:/boost_1_42_0/boost/operators.hpp
.... C:/boost_1_42_0/boost/serialization/throw_exception.hpp
.. C:/boost_1_42_0/boost/serialization/collection_size_type.hpp
.. C:/boost_1_42_0/boost/serialization/version.hpp
. C:/boost_1_42_0/boost/multi_index/global_fun.hpp
. C:/boost_1_42_0/boost/multi_index/mem_fun.hpp
. C:/boost_1_42_0/boost/multi_index/ordered_index.hpp
.. C:/boost_1_42_0/boost/multi_index/detail/bidir_node_iterator.hpp
.. C:/boost_1_42_0/boost/multi_index/detail/modify_key_adaptor.hpp
.. C:/boost_1_42_0/boost/multi_index/detail/ord_index_node.hpp
... C:/boost_1_42_0/boost/multi_index/detail/uintptr_type.hpp
.. C:/boost_1_42_0/boost/multi_index/detail/ord_index_ops.hpp
.. C:/boost_1_42_0/boost/multi_index/detail/safe_ctr_proxy.hpp
.. C:/boost_1_42_0/boost/multi_index/detail/unbounded.hpp
.. C:/boost_1_42_0/boost/multi_index/detail/value_compare.hpp
.. C:/boost_1_42_0/boost/ref.hpp
.. C:/boost_1_42_0/boost/bind.hpp
... C:/boost_1_42_0/boost/bind/bind.hpp
.... C:/boost_1_42_0/boost/mem_fn.hpp
..... C:/boost_1_42_0/boost/bind/mem_fn.hpp
...... C:/boost_1_42_0/boost/get_pointer.hpp
...... C:/boost_1_42_0/boost/bind/mem_fn_template.hpp
...... C:/boost_1_42_0/boost/bind/mem_fn_cc.hpp
.... C:/boost_1_42_0/boost/type.hpp
.... C:/boost_1_42_0/boost/is_placeholder.hpp
.... C:/boost_1_42_0/boost/bind/arg.hpp
.... C:/boost_1_42_0/boost/visit_each.hpp
.... C:/boost_1_42_0/boost/bind/storage.hpp
.... C:/boost_1_42_0/boost/bind/bind_template.hpp
.... C:/boost_1_42_0/boost/bind/bind_cc.hpp
.... C:/boost_1_42_0/boost/bind/bind_mf_cc.hpp
.... C:/boost_1_42_0/boost/bind/bind_mf2_cc.hpp
.... C:/boost_1_42_0/boost/bind/placeholders.hpp
.. C:/boost_1_42_0/boost/multi_index/detail/duplicates_iterator.hpp
. C:/asm/MinGW/bin/../lib/gcc/mingw32/3.4.5/../../../../include/c++/3.4.5/fstream
.. C:/asm/MinGW/bin/../lib/gcc/mingw32/3.4.5/../../../../include/c++/3.4.5/mingw32/bits/basic_file.h
.. C:/asm/MinGW/bin/../lib/gcc/mingw32/3.4.5/../../../../include/c++/3.4.5/bits/fstream.tcc
. C:/asm/MinGW/bin/../lib/gcc/mingw32/3.4.5/../../../../include/c++/3.4.5/iostream
. C:/asm/MinGW/bin/../lib/gcc/mingw32/3.4.5/../../../../include/c++/3.4.5/map
.. C:/asm/MinGW/bin/../lib/gcc/mingw32/3.4.5/../../../../include/c++/3.4.5/bits/stl_tree.h
... C:/asm/MinGW/bin/../lib/gcc/mingw32/3.4.5/../../../../include/c++/3.4.5/bits/cpp_type_traits.h
.. C:/asm/MinGW/bin/../lib/gcc/mingw32/3.4.5/../../../../include/c++/3.4.5/bits/stl_map.h
.. C:/asm/MinGW/bin/../lib/gcc/mingw32/3.4.5/../../../../include/c++/3.4.5/bits/stl_multimap.h
. C:/asm/MinGW/bin/../lib/gcc/mingw32/3.4.5/../../../../include/c++/3.4.5/set
.. C:/asm/MinGW/bin/../lib/gcc/mingw32/3.4.5/../../../../include/c++/3.4.5/bits/stl_set.h
.. C:/asm/MinGW/bin/../lib/gcc/mingw32/3.4.5/../../../../include/c++/3.4.5/bits/stl_multiset.h
. C:/asm/MinGW/bin/../lib/gcc/mingw32/3.4.5/../../../../include/c++/3.4.5/stack
.. C:/asm/MinGW/bin/../lib/gcc/mingw32/3.4.5/../../../../include/c++/3.4.5/bits/stl_stack.h
